<!DOCTYPE html PUBLIC "-//W3C//DTD XHTML 1.1//EN" "https://www.w3.org/TR/xhtml11/DTD/xhtml11.dtd">
<html xmlns="https://www.w3.org/1999/xhtml">
<head>
<meta http-equiv="content-type" content="text/html; charset=UTF-8"/>
<title>TestNG Report</title>
<style type="text/css">table {margin-bottom:10px;border-collapse:collapse;empty-cells:show}th,td {border:1px solid #009;padding:.25em .5em}th {vertical-align:bottom}td {vertical-align:top}table a {font-weight:bold}.stripe td {background-color: #E6EBF9}.num {text-align:right}.passedodd td {background-color: #3F3}.passedeven td {background-color: #0A0}.skippedodd td {background-color: #DDD}.skippedeven td {background-color: #CCC}.failedodd td,.attn {background-color: #F33}.failedeven td,.stripe .attn {background-color: #D00}.stacktrace {white-space:pre;font-family:monospace}.totop {font-size:85%;text-align:center;border-bottom:2px solid #000}.invisible {display:none}</style>
</head>
<body>
<table>
<tr><th>Test</th><th># Passed</th><th># Skipped</th><th># Retried</th><th># Failed</th><th>Time (ms)</th><th>Included Groups</th><th>Excluded Groups</th></tr>
<tr><th colspan="8">SanitySuite</th></tr>
<tr><td><a href="#t0">HighPriorityTest</a></td><td class="num">0</td><td class="num attn">7</td><td class="num">0</td><td class="num">0</td><td class="num">174</td><td></td><td></td></tr>
</table>
<table id='summary'><thead><tr><th>Class</th><th>Method</th><th>Start</th><th>Time (ms)</th></tr></thead><tbody><tr><th colspan="4">SanitySuite</th></tr></tbody><tbody id="t0"><tr><th colspan="4">HighPriorityTest &#8212; failed (configuration methods)</th></tr><tr class="failedeven"><td rowspan="1">com.sauceDemo.TestClasses.TC01_VerifyLoginFunctionality</td><td><a href="#m0">setUp</a></td><td rowspan="1">1665228635154</td><td rowspan="1">-1665228635154</td></tr><tr class="failedodd"><td rowspan="1">com.sauceDemo.TestClasses.TC02_VerifyLogOutFunctionality</td><td><a href="#m1">setUp</a></td><td rowspan="1">1665228635199</td><td rowspan="1">-1665228635199</td></tr><tr class="failedeven"><td rowspan="1">com.sauceDemo.TestClasses.TC03_VerifyBagAddToCartFuctionality</td><td><a href="#m2">setUp</a></td><td rowspan="1">1665228635216</td><td rowspan="1">-1665228635216</td></tr><tr class="failedodd"><td rowspan="1">com.sauceDemo.TestClasses.TC04_VerifyAllproductAddToCartFunctionality</td><td><a href="#m3">setUp</a></td><td rowspan="1">1665228635228</td><td rowspan="1">-1665228635228</td></tr><tr class="failedeven"><td rowspan="1">com.sauceDemo.TestClasses.TC05_VerifyFilterFunctionality</td><td><a href="#m4">setUp</a></td><td rowspan="1">1665228635250</td><td rowspan="1">-1665228635250</td></tr><tr class="failedodd"><td rowspan="1">com.sauceDemo.TestClasses.TC06_VerifyAboutFunctionality</td><td><a href="#m5">setUp</a></td><td rowspan="1">1665228635256</td><td rowspan="1">-1665228635256</td></tr><tr><th colspan="4">HighPriorityTest &#8212; skipped (configuration methods)</th></tr><tr class="skippedeven"><td rowspan="1">com.sauceDemo.TestClasses.TC01_VerifyLoginFunctionality</td><td><a href="#m6">tearDown</a></td><td rowspan="1">1665228635185</td><td rowspan="1">-1665228635185</td></tr><tr class="skippedodd"><td rowspan="1">com.sauceDemo.TestClasses.TC02_VerifyLogOutFunctionality</td><td><a href="#m7">tearDown</a></td><td rowspan="1">1665228635212</td><td rowspan="1">-1665228635212</td></tr><tr class="skippedeven"><td rowspan="1">com.sauceDemo.TestClasses.TC03_VerifyBagAddToCartFuctionality</td><td><a href="#m8">tearDown</a></td><td rowspan="1">1665228635222</td><td rowspan="1">-1665228635222</td></tr><tr class="skippedodd"><td rowspan="1">com.sauceDemo.TestClasses.TC04_VerifyAllproductAddToCartFunctionality</td><td><a href="#m9">tearDown</a></td><td rowspan="1">1665228635246</td><td rowspan="1">-1665228635246</td></tr><tr class="skippedeven"><td rowspan="1">com.sauceDemo.TestClasses.TC05_VerifyFilterFunctionality</td><td><a href="#m10">tearDown</a></td><td rowspan="1">1665228635255</td><td rowspan="1">-1665228635255</td></tr><tr class="skippedodd"><td rowspan="1">com.sauceDemo.TestClasses.TC06_VerifyAboutFunctionality</td><td><a href="#m11">tearDown</a></td><td rowspan="1">1665228635262</td><td rowspan="1">-1665228635262</td></tr><tr><th colspan="4">HighPriorityTest &#8212; skipped</th></tr><tr class="skippedeven"><td rowspan="2">com.sauceDemo.TestClasses.TC01_VerifyLoginFunctionality</td><td><a href="#m12">verifyAboutFuctionality</a></td><td rowspan="1">1665228635188</td><td rowspan="1">0</td></tr><tr class="skippedeven"><td><a href="#m13">verifyLoginFunctionality</a></td><td rowspan="1">1665228635171</td><td rowspan="1">0</td></tr><tr class="skippedodd"><td rowspan="1">com.sauceDemo.TestClasses.TC02_VerifyLogOutFunctionality</td><td><a href="#m14">verifyLogoutFunctionality</a></td><td rowspan="1">1665228635206</td><td rowspan="1">0</td></tr><tr class="skippedeven"><td rowspan="1">com.sauceDemo.TestClasses.TC03_VerifyBagAddToCartFuctionality</td><td><a href="#m15">verifyBagAddToCartFunctionality</a></td><td rowspan="1">1665228635218</td><td rowspan="1">0</td></tr><tr class="skippedodd"><td rowspan="1">com.sauceDemo.TestClasses.TC04_VerifyAllproductAddToCartFunctionality</td><td><a href="#m16">verifyAllProductFunctionality</a></td><td rowspan="1">1665228635240</td><td rowspan="1">0</td></tr><tr class="skippedeven"><td rowspan="1">com.sauceDemo.TestClasses.TC05_VerifyFilterFunctionality</td><td><a href="#m17">verifyFilterFunctionality</a></td><td rowspan="1">1665228635251</td><td rowspan="1">0</td></tr><tr class="skippedodd"><td rowspan="1">com.sauceDemo.TestClasses.TC06_VerifyAboutFunctionality</td><td><a href="#m18">verifyAboutFuctionality</a></td><td rowspan="1">1665228635258</td><td rowspan="1">1</td></tr></tbody>
</table>
<h2>HighPriorityTest</h2><h3 id="m0">com.sauceDemo.TestClasses.TC01_VerifyLoginFunctionality#setUp</h3><table class="result"><tr><th>Exception</th></tr><tr><td><div class="stacktrace">org.testng.TestNGException: 
Parameter &apos;browserName&apos; is required by BeforeMethod on method setUp but has not been marked @Optional or defined
in C:\Users\user\eclipse-workspace\SauceDemoProject1\testng.xml
	at java.base/java.util.ArrayList.forEach(ArrayList.java:1511)
... Removed 28 stack frames</div></td></tr></table><p class="totop"><a href="#summary">back to summary</a></p>
<h3 id="m1">com.sauceDemo.TestClasses.TC02_VerifyLogOutFunctionality#setUp</h3><table class="result"><tr><th>Exception</th></tr><tr><td><div class="stacktrace">org.testng.TestNGException: 
Parameter &apos;browserName&apos; is required by BeforeMethod on method setUp but has not been marked @Optional or defined
in C:\Users\user\eclipse-workspace\SauceDemoProject1\testng.xml
	at java.base/java.util.ArrayList.forEach(ArrayList.java:1511)
... Removed 28 stack frames</div></td></tr></table><p class="totop"><a href="#summary">back to summary</a></p>
<h3 id="m2">com.sauceDemo.TestClasses.TC03_VerifyBagAddToCartFuctionality#setUp</h3><table class="result"><tr><th>Exception</th></tr><tr><td><div class="stacktrace">org.testng.TestNGException: 
Parameter &apos;browserName&apos; is required by BeforeMethod on method setUp but has not been marked @Optional or defined
in C:\Users\user\eclipse-workspace\SauceDemoProject1\testng.xml
	at java.base/java.util.ArrayList.forEach(ArrayList.java:1511)
... Removed 28 stack frames</div></td></tr></table><p class="totop"><a href="#summary">back to summary</a></p>
<h3 id="m3">com.sauceDemo.TestClasses.TC04_VerifyAllproductAddToCartFunctionality#setUp</h3><table class="result"><tr><th>Exception</th></tr><tr><td><div class="stacktrace">org.testng.TestNGException: 
Parameter &apos;browserName&apos; is required by BeforeMethod on method setUp but has not been marked @Optional or defined
in C:\Users\user\eclipse-workspace\SauceDemoProject1\testng.xml
	at java.base/java.util.ArrayList.forEach(ArrayList.java:1511)
... Removed 28 stack frames</div></td></tr></table><p class="totop"><a href="#summary">back to summary</a></p>
<h3 id="m4">com.sauceDemo.TestClasses.TC05_VerifyFilterFunctionality#setUp</h3><table class="result"><tr><th>Exception</th></tr><tr><td><div class="stacktrace">org.testng.TestNGException: 
Parameter &apos;browserName&apos; is required by BeforeMethod on method setUp but has not been marked @Optional or defined
in C:\Users\user\eclipse-workspace\SauceDemoProject1\testng.xml
	at java.base/java.util.ArrayList.forEach(ArrayList.java:1511)
... Removed 28 stack frames</div></td></tr></table><p class="totop"><a href="#summary">back to summary</a></p>
<h3 id="m5">com.sauceDemo.TestClasses.TC06_VerifyAboutFunctionality#setUp</h3><table class="result"><tr><th>Exception</th></tr><tr><td><div class="stacktrace">org.testng.TestNGException: 
Parameter &apos;browserName&apos; is required by BeforeMethod on method setUp but has not been marked @Optional or defined
in C:\Users\user\eclipse-workspace\SauceDemoProject1\testng.xml
	at java.base/java.util.ArrayList.forEach(ArrayList.java:1511)
... Removed 28 stack frames</div></td></tr></table><p class="totop"><a href="#summary">back to summary</a></p>
<h3 id="m6">com.sauceDemo.TestClasses.TC01_VerifyLoginFunctionality#tearDown</h3><table class="result"><tr><th class="invisible"/></tr></table><p class="totop"><a href="#summary">back to summary</a></p>
<h3 id="m7">com.sauceDemo.TestClasses.TC02_VerifyLogOutFunctionality#tearDown</h3><table class="result"><tr><th class="invisible"/></tr></table><p class="totop"><a href="#summary">back to summary</a></p>
<h3 id="m8">com.sauceDemo.TestClasses.TC03_VerifyBagAddToCartFuctionality#tearDown</h3><table class="result"><tr><th class="invisible"/></tr></table><p class="totop"><a href="#summary">back to summary</a></p>
<h3 id="m9">com.sauceDemo.TestClasses.TC04_VerifyAllproductAddToCartFunctionality#tearDown</h3><table class="result"><tr><th class="invisible"/></tr></table><p class="totop"><a href="#summary">back to summary</a></p>
<h3 id="m10">com.sauceDemo.TestClasses.TC05_VerifyFilterFunctionality#tearDown</h3><table class="result"><tr><th class="invisible"/></tr></table><p class="totop"><a href="#summary">back to summary</a></p>
<h3 id="m11">com.sauceDemo.TestClasses.TC06_VerifyAboutFunctionality#tearDown</h3><table class="result"><tr><th class="invisible"/></tr></table><p class="totop"><a href="#summary">back to summary</a></p>
<h3 id="m12">com.sauceDemo.TestClasses.TC01_VerifyLoginFunctionality#verifyAboutFuctionality</h3><table class="result"><tr><th>Exception</th></tr><tr><td><div class="stacktrace">java.lang.Throwable: Method TC01_VerifyLoginFunctionality.verifyAboutFuctionality()[pri:0, instance:com.sauceDemo.TestClasses.TC01_VerifyLoginFunctionality@25084a1e] depends on not successfully finished methods
	at java.base/java.util.ArrayList.forEach(ArrayList.java:1511)
... Removed 18 stack frames</div></td></tr></table><p class="totop"><a href="#summary">back to summary</a></p>
<h3 id="m13">com.sauceDemo.TestClasses.TC01_VerifyLoginFunctionality#verifyLoginFunctionality</h3><table class="result"><tr><th>Exception</th></tr><tr><td><div class="stacktrace">org.testng.TestNGException: 
Parameter &apos;browserName&apos; is required by BeforeMethod on method setUp but has not been marked @Optional or defined
in C:\Users\user\eclipse-workspace\SauceDemoProject1\testng.xml
	at java.base/java.util.ArrayList.forEach(ArrayList.java:1511)
... Removed 28 stack frames</div></td></tr></table><p class="totop"><a href="#summary">back to summary</a></p>
<h3 id="m14">com.sauceDemo.TestClasses.TC02_VerifyLogOutFunctionality#verifyLogoutFunctionality</h3><table class="result"><tr><th>Exception</th></tr><tr><td><div class="stacktrace">org.testng.TestNGException: 
Parameter &apos;browserName&apos; is required by BeforeMethod on method setUp but has not been marked @Optional or defined
in C:\Users\user\eclipse-workspace\SauceDemoProject1\testng.xml
	at java.base/java.util.ArrayList.forEach(ArrayList.java:1511)
... Removed 28 stack frames</div></td></tr></table><p class="totop"><a href="#summary">back to summary</a></p>
<h3 id="m15">com.sauceDemo.TestClasses.TC03_VerifyBagAddToCartFuctionality#verifyBagAddToCartFunctionality</h3><table class="result"><tr><th>Exception</th></tr><tr><td><div class="stacktrace">org.testng.TestNGException: 
Parameter &apos;browserName&apos; is required by BeforeMethod on method setUp but has not been marked @Optional or defined
in C:\Users\user\eclipse-workspace\SauceDemoProject1\testng.xml
	at java.base/java.util.ArrayList.forEach(ArrayList.java:1511)
... Removed 28 stack frames</div></td></tr></table><p class="totop"><a href="#summary">back to summary</a></p>
<h3 id="m16">com.sauceDemo.TestClasses.TC04_VerifyAllproductAddToCartFunctionality#verifyAllProductFunctionality</h3><table class="result"><tr><th>Exception</th></tr><tr><td><div class="stacktrace">org.testng.TestNGException: 
Parameter &apos;browserName&apos; is required by BeforeMethod on method setUp but has not been marked @Optional or defined
in C:\Users\user\eclipse-workspace\SauceDemoProject1\testng.xml
	at java.base/java.util.ArrayList.forEach(ArrayList.java:1511)
... Removed 28 stack frames</div></td></tr></table><p class="totop"><a href="#summary">back to summary</a></p>
<h3 id="m17">com.sauceDemo.TestClasses.TC05_VerifyFilterFunctionality#verifyFilterFunctionality</h3><table class="result"><tr><th>Exception</th></tr><tr><td><div class="stacktrace">org.testng.TestNGException: 
Parameter &apos;browserName&apos; is required by BeforeMethod on method setUp but has not been marked @Optional or defined
in C:\Users\user\eclipse-workspace\SauceDemoProject1\testng.xml
	at java.base/java.util.ArrayList.forEach(ArrayList.java:1511)
... Removed 28 stack frames</div></td></tr></table><p class="totop"><a href="#summary">back to summary</a></p>
<h3 id="m18">com.sauceDemo.TestClasses.TC06_VerifyAboutFunctionality#verifyAboutFuctionality</h3><table class="result"><tr><th>Exception</th></tr><tr><td><div class="stacktrace">org.testng.TestNGException: 
Parameter &apos;browserName&apos; is required by BeforeMethod on method setUp but has not been marked @Optional or defined
in C:\Users\user\eclipse-workspace\SauceDemoProject1\testng.xml
	at java.base/java.util.ArrayList.forEach(ArrayList.java:1511)
... Removed 28 stack frames</div></td></tr></table><p class="totop"><a href="#summary">back to summary</a></p>
</body>
</html>
