<?xml version="1.0" encoding="UTF-8"?>
<!-- Generated by org.testng.reporters.JUnitXMLReporter -->
<testsuite ignored="0" hostname="DESKTOP-9FF3BPS" failures="0" tests="7" name="HighPriorityTest" time="0.174" errors="0" timestamp="2022-10-08T17:00:35 IST">
  <testcase classname="testNG.TestBaseClass" name="@BeforeMethod setUp" time="-1.665228635154E9">
    <failure type="org.testng.TestNGException" message="
Parameter &amp;apos;browserName&amp;apos; is required by BeforeMethod on method setUp but has not been marked @Optional or defined
in C:\Users\user\eclipse-workspace\SauceDemoProject1\testng.xml">
      <![CDATA[org.testng.TestNGException: 
Parameter 'browserName' is required by BeforeMethod on method setUp but has not been marked @Optional or defined
in C:\Users\user\eclipse-workspace\SauceDemoProject1\testng.xml
at java.base/java.util.ArrayList.forEach(ArrayList.java:1511)
... Removed 28 stack frames]]>
    </failure>
  </testcase> <!-- @BeforeMethod setUp -->
  <testcase classname="testNG.TestBaseClass" name="@AfterMethod tearDown" time="-1.665228635185E9">
    <skipped/>
  </testcase> <!-- @AfterMethod tearDown -->
  <testcase classname="testNG.TestBaseClass" name="@BeforeMethod setUp" time="-1.665228635199E9">
    <failure type="org.testng.TestNGException" message="
Parameter &amp;apos;browserName&amp;apos; is required by BeforeMethod on method setUp but has not been marked @Optional or defined
in C:\Users\user\eclipse-workspace\SauceDemoProject1\testng.xml">
      <![CDATA[org.testng.TestNGException: 
Parameter 'browserName' is required by BeforeMethod on method setUp but has not been marked @Optional or defined
in C:\Users\user\eclipse-workspace\SauceDemoProject1\testng.xml
at java.base/java.util.ArrayList.forEach(ArrayList.java:1511)
... Removed 28 stack frames]]>
    </failure>
  </testcase> <!-- @BeforeMethod setUp -->
  <testcase classname="testNG.TestBaseClass" name="@AfterMethod tearDown" time="-1.665228635212E9">
    <skipped/>
  </testcase> <!-- @AfterMethod tearDown -->
  <testcase classname="testNG.TestBaseClass" name="@BeforeMethod setUp" time="-1.665228635216E9">
    <failure type="org.testng.TestNGException" message="
Parameter &amp;apos;browserName&amp;apos; is required by BeforeMethod on method setUp but has not been marked @Optional or defined
in C:\Users\user\eclipse-workspace\SauceDemoProject1\testng.xml">
      <![CDATA[org.testng.TestNGException: 
Parameter 'browserName' is required by BeforeMethod on method setUp but has not been marked @Optional or defined
in C:\Users\user\eclipse-workspace\SauceDemoProject1\testng.xml
at java.base/java.util.ArrayList.forEach(ArrayList.java:1511)
... Removed 28 stack frames]]>
    </failure>
  </testcase> <!-- @BeforeMethod setUp -->
  <testcase classname="testNG.TestBaseClass" name="@AfterMethod tearDown" time="-1.665228635222E9">
    <skipped/>
  </testcase> <!-- @AfterMethod tearDown -->
  <testcase classname="testNG.TestBaseClass" name="@BeforeMethod setUp" time="-1.665228635228E9">
    <failure type="org.testng.TestNGException" message="
Parameter &amp;apos;browserName&amp;apos; is required by BeforeMethod on method setUp but has not been marked @Optional or defined
in C:\Users\user\eclipse-workspace\SauceDemoProject1\testng.xml">
      <![CDATA[org.testng.TestNGException: 
Parameter 'browserName' is required by BeforeMethod on method setUp but has not been marked @Optional or defined
in C:\Users\user\eclipse-workspace\SauceDemoProject1\testng.xml
at java.base/java.util.ArrayList.forEach(ArrayList.java:1511)
... Removed 28 stack frames]]>
    </failure>
  </testcase> <!-- @BeforeMethod setUp -->
  <testcase classname="testNG.TestBaseClass" name="@AfterMethod tearDown" time="-1.665228635246E9">
    <skipped/>
  </testcase> <!-- @AfterMethod tearDown -->
  <testcase classname="testNG.TestBaseClass" name="@BeforeMethod setUp" time="-1.66522863525E9">
    <failure type="org.testng.TestNGException" message="
Parameter &amp;apos;browserName&amp;apos; is required by BeforeMethod on method setUp but has not been marked @Optional or defined
in C:\Users\user\eclipse-workspace\SauceDemoProject1\testng.xml">
      <![CDATA[org.testng.TestNGException: 
Parameter 'browserName' is required by BeforeMethod on method setUp but has not been marked @Optional or defined
in C:\Users\user\eclipse-workspace\SauceDemoProject1\testng.xml
at java.base/java.util.ArrayList.forEach(ArrayList.java:1511)
... Removed 28 stack frames]]>
    </failure>
  </testcase> <!-- @BeforeMethod setUp -->
  <testcase classname="testNG.TestBaseClass" name="@AfterMethod tearDown" time="-1.665228635255E9">
    <skipped/>
  </testcase> <!-- @AfterMethod tearDown -->
  <testcase classname="testNG.TestBaseClass" name="@BeforeMethod setUp" time="-1.665228635256E9">
    <failure type="org.testng.TestNGException" message="
Parameter &amp;apos;browserName&amp;apos; is required by BeforeMethod on method setUp but has not been marked @Optional or defined
in C:\Users\user\eclipse-workspace\SauceDemoProject1\testng.xml">
      <![CDATA[org.testng.TestNGException: 
Parameter 'browserName' is required by BeforeMethod on method setUp but has not been marked @Optional or defined
in C:\Users\user\eclipse-workspace\SauceDemoProject1\testng.xml
at java.base/java.util.ArrayList.forEach(ArrayList.java:1511)
... Removed 28 stack frames]]>
    </failure>
  </testcase> <!-- @BeforeMethod setUp -->
  <testcase classname="testNG.TestBaseClass" name="@AfterMethod tearDown" time="-1.665228635262E9">
    <skipped/>
  </testcase> <!-- @AfterMethod tearDown -->
  <testcase classname="com.sauceDemo.TestClasses.TC01_VerifyLoginFunctionality" name="verifyLoginFunctionality" time="0.0">
    <skipped/>
  </testcase> <!-- verifyLoginFunctionality -->
  <testcase classname="com.sauceDemo.TestClasses.TC01_VerifyLoginFunctionality" name="verifyAboutFuctionality" time="0.0">
    <skipped/>
  </testcase> <!-- verifyAboutFuctionality -->
  <testcase classname="com.sauceDemo.TestClasses.TC02_VerifyLogOutFunctionality" name="verifyLogoutFunctionality" time="0.0">
    <skipped/>
  </testcase> <!-- verifyLogoutFunctionality -->
  <testcase classname="com.sauceDemo.TestClasses.TC03_VerifyBagAddToCartFuctionality" name="verifyBagAddToCartFunctionality" time="0.0">
    <skipped/>
  </testcase> <!-- verifyBagAddToCartFunctionality -->
  <testcase classname="com.sauceDemo.TestClasses.TC04_VerifyAllproductAddToCartFunctionality" name="verifyAllProductFunctionality" time="0.0">
    <skipped/>
  </testcase> <!-- verifyAllProductFunctionality -->
  <testcase classname="com.sauceDemo.TestClasses.TC05_VerifyFilterFunctionality" name="verifyFilterFunctionality" time="0.0">
    <skipped/>
  </testcase> <!-- verifyFilterFunctionality -->
  <testcase classname="com.sauceDemo.TestClasses.TC06_VerifyAboutFunctionality" name="verifyAboutFuctionality" time="0.001">
    <skipped/>
  </testcase> <!-- verifyAboutFuctionality -->
</testsuite> <!-- HighPriorityTest -->
