<?xml version="1.0" encoding="UTF-8"?>
<!-- Generated by org.testng.reporters.JUnitXMLReporter -->
<testsuite ignored="0" hostname="DESKTOP-9FF3BPS" failures="0" tests="2" name="LowPriorityTest" time="0.026" errors="0" timestamp="2022-10-08T14:57:04 IST">
  <testcase classname="testNG.TestBaseClass" name="@BeforeMethod setUp" time="-1.665221224449E9">
    <failure type="org.testng.TestNGException" message="
Parameter &amp;apos;browserName&amp;apos; is required by BeforeMethod on method setUp but has not been marked @Optional or defined
in C:\Users\user\eclipse-workspace\SauceDemoProject1\testng_sanity.xml">
      <![CDATA[org.testng.TestNGException: 
Parameter 'browserName' is required by BeforeMethod on method setUp but has not been marked @Optional or defined
in C:\Users\user\eclipse-workspace\SauceDemoProject1\testng_sanity.xml
at java.base/java.util.ArrayList.forEach(ArrayList.java:1511)
... Removed 28 stack frames]]>
    </failure>
  </testcase> <!-- @BeforeMethod setUp -->
  <testcase classname="testNG.TestBaseClass" name="@AfterMethod tearDown" time="-1.665221224459E9">
    <skipped/>
  </testcase> <!-- @AfterMethod tearDown -->
  <testcase classname="testNG.TestBaseClass" name="@BeforeMethod setUp" time="-1.665221224462E9">
    <failure type="org.testng.TestNGException" message="
Parameter &amp;apos;browserName&amp;apos; is required by BeforeMethod on method setUp but has not been marked @Optional or defined
in C:\Users\user\eclipse-workspace\SauceDemoProject1\testng_sanity.xml">
      <![CDATA[org.testng.TestNGException: 
Parameter 'browserName' is required by BeforeMethod on method setUp but has not been marked @Optional or defined
in C:\Users\user\eclipse-workspace\SauceDemoProject1\testng_sanity.xml
at java.base/java.util.ArrayList.forEach(ArrayList.java:1511)
... Removed 28 stack frames]]>
    </failure>
  </testcase> <!-- @BeforeMethod setUp -->
  <testcase classname="testNG.TestBaseClass" name="@AfterMethod tearDown" time="-1.665221224469E9">
    <skipped/>
  </testcase> <!-- @AfterMethod tearDown -->
  <testcase classname="com.sauceDemo.TestClasses.TC04_VerifyAllproductAddToCartFunctionality" name="verifyAllProductFunctionality" time="0.0">
    <skipped/>
  </testcase> <!-- verifyAllProductFunctionality -->
  <testcase classname="com.sauceDemo.TestClasses.TC05_VerifyFilterFunctionality" name="verifyFilterFunctionality" time="0.0">
    <skipped/>
  </testcase> <!-- verifyFilterFunctionality -->
</testsuite> <!-- LowPriorityTest -->
